c:\users\user\desktop\usb_backup programming\vs2015 programming assignment\vs2015 programming assignment\x64\debug\vc140.pdb
c:\users\monke\desktop\vs2015 programming assignment\vs2015 programming assignment\x64\debug\vc140.pdb
c:\users\monke\desktop\vs2015 programming assignment\vs2015 programming assignment\x64\debug\vc140.idb
c:\users\monke\desktop\vs2015 programming assignment\vs2015 programming assignment\x64\debug\image-modified.obj
c:\users\monke\desktop\vs2015 programming assignment\vs2015 programming assignment\x64\debug\imagemerge.obj
c:\users\monke\desktop\vs2015 programming assignment\vs2015 programming assignment\x64\debug\main.obj
c:\users\monke\desktop\vs2015 programming assignment\vs2015 programming assignment\x64\debug\writeread.obj
c:\users\monke\desktop\vs2015 programming assignment\vs2015 programming assignment\x64\debug\zoom.obj
c:\users\user\desktop\usb_backup programming\vs2015 programming assignment\x64\debug\vs2015 programming assignment.ilk
c:\users\user\desktop\usb_backup programming\vs2015 programming assignment\x64\debug\vs2015 programming assignment.exe
c:\users\user\desktop\usb_backup programming\vs2015 programming assignment\x64\debug\vs2015 programming assignment.pdb
c:\users\monke\desktop\vs2015 programming assignment\x64\debug\vs2015 programming assignment.ilk
c:\users\monke\desktop\vs2015 programming assignment\x64\debug\vs2015 programming assignment.exe
c:\users\monke\desktop\vs2015 programming assignment\x64\debug\vs2015 programming assignment.pdb
c:\users\monke\desktop\vs2015 programming assignment\vs2015 programming assignment\x64\debug\zoom.obj.enc
c:\users\monke\desktop\vs2015 programming assignment\vs2015 programming assignment\x64\debug\vs2015 p.ae70404d.tlog\cl.command.1.tlog
c:\users\monke\desktop\vs2015 programming assignment\vs2015 programming assignment\x64\debug\vs2015 p.ae70404d.tlog\cl.read.1.tlog
c:\users\monke\desktop\vs2015 programming assignment\vs2015 programming assignment\x64\debug\vs2015 p.ae70404d.tlog\cl.write.1.tlog
c:\users\monke\desktop\vs2015 programming assignment\vs2015 programming assignment\x64\debug\vs2015 p.ae70404d.tlog\link.command.1.tlog
c:\users\monke\desktop\vs2015 programming assignment\vs2015 programming assignment\x64\debug\vs2015 p.ae70404d.tlog\link.read.1.tlog
c:\users\monke\desktop\vs2015 programming assignment\vs2015 programming assignment\x64\debug\vs2015 p.ae70404d.tlog\link.write.1.tlog
